2021-07-03T17:55:56.799Z [31merror[39m: [31mPrismaClientKnownRequestError2 [PrismaClientKnownRequestError]: [39m
[31mInvalid `prisma.user.create()` invocation:[39m


[31m  Unique constraint failed on the fields: (`userId`)[39m
[31m    at cb (/Users/sayertindall/Documents/resource/guardian/node_modules/@prisma/client/runtime/index.js:33896:17)[39m
[31m    at processTicksAndRejections (internal/process/task_queues.js:93:5) {[39m
[31m  code: 'P2002',[39m
[31m  clientVersion: '2.26.0',[39m
[31m  meta: { target: [ 'userId' ] }[39m
[31m}[39m
2021-07-03T17:55:58.304Z [31merror[39m: [31mPrismaClientKnownRequestError2 [PrismaClientKnownRequestError]: [39m
[31mInvalid `prisma.user.create()` invocation:[39m


[31m  Unique constraint failed on the fields: (`userId`)[39m
[31m    at cb (/Users/sayertindall/Documents/resource/guardian/node_modules/@prisma/client/runtime/index.js:33896:17)[39m
[31m    at processTicksAndRejections (internal/process/task_queues.js:93:5) {[39m
[31m  code: 'P2002',[39m
[31m  clientVersion: '2.26.0',[39m
[31m  meta: { target: [ 'userId' ] }[39m
[31m}[39m
2021-07-03T18:03:35.472Z [31merror[39m: [31mPrismaClientKnownRequestError2 [PrismaClientKnownRequestError]: [39m
[31mInvalid `prisma.user.create()` invocation:[39m


[31m  Unique constraint failed on the fields: (`userId`)[39m
[31m    at cb (/Users/sayertindall/Documents/resource/guardian/node_modules/@prisma/client/runtime/index.js:33896:17)[39m
[31m    at processTicksAndRejections (internal/process/task_queues.js:93:5) {[39m
[31m  code: 'P2002',[39m
[31m  clientVersion: '2.26.0',[39m
[31m  meta: { target: [ 'userId' ] }[39m
[31m}[39m
2021-07-03T18:03:43.599Z [31merror[39m: [31mPrismaClientKnownRequestError2 [PrismaClientKnownRequestError]: [39m
[31mInvalid `prisma.user.create()` invocation:[39m


[31m  Unique constraint failed on the fields: (`userId`)[39m
[31m    at cb (/Users/sayertindall/Documents/resource/guardian/node_modules/@prisma/client/runtime/index.js:33896:17)[39m
[31m    at processTicksAndRejections (internal/process/task_queues.js:93:5) {[39m
[31m  code: 'P2002',[39m
[31m  clientVersion: '2.26.0',[39m
[31m  meta: { target: [ 'userId' ] }[39m
[31m}[39m
2021-07-03T20:44:10.701Z [31merror[39m: [31m[39m
[31mInvalid `prisma.user.create()` invocation:[39m


[31m  Unique constraint failed on the fields: (`userId`)[39m
2021-07-03T20:48:08.174Z [31merror[39m: [31mP2002[39m
2021-07-03T20:50:25.951Z [31merror[39m: [31mP2002[39m
2021-07-03T20:51:25.986Z [31merror[39m: [31mP2002[39m
2021-07-03T21:12:20.851Z [31merror[39m: [31mValidationError: body.email is a required field[39m
[31m    at createError (/Users/sayertindall/Documents/resource/guardian/node_modules/yup/lib/util/createValidation.js:54:21)[39m
[31m    at /Users/sayertindall/Documents/resource/guardian/node_modules/yup/lib/util/createValidation.js:72:107[39m
[31m    at processTicksAndRejections (internal/process/task_queues.js:93:5) {[39m
[31m  value: {[39m
[31m    body: { email: undefined, validateEmailToken: undefined },[39m
[31m    validateEmailToken: '270879',[39m
[31m    email: 'sayer.tindall'[39m
[31m  },[39m
[31m  path: 'body.email',[39m
[31m  type: 'required',[39m
[31m  errors: [ 'body.email is a required field' ],[39m
[31m  inner: [],[39m
[31m  params: {[39m
[31m    value: undefined,[39m
[31m    originalValue: undefined,[39m
[31m    label: undefined,[39m
[31m    path: 'body.email'[39m
[31m  }[39m
[31m}[39m
2021-07-03T21:13:43.838Z [31merror[39m: [31mValidationError: body.email is a required field[39m
[31m    at createError (/Users/sayertindall/Documents/resource/guardian/node_modules/yup/lib/util/createValidation.js:54:21)[39m
[31m    at /Users/sayertindall/Documents/resource/guardian/node_modules/yup/lib/util/createValidation.js:72:107[39m
[31m    at processTicksAndRejections (internal/process/task_queues.js:93:5) {[39m
[31m  value: {[39m
[31m    body: { email: undefined, validateEmailToken: undefined },[39m
[31m    validateEmailToken: '270879',[39m
[31m    email: 'sayer.tindall'[39m
[31m  },[39m
[31m  path: 'body.email',[39m
[31m  type: 'required',[39m
[31m  errors: [ 'body.email is a required field' ],[39m
[31m  inner: [],[39m
[31m  params: {[39m
[31m    value: undefined,[39m
[31m    originalValue: undefined,[39m
[31m    label: undefined,[39m
[31m    path: 'body.email'[39m
[31m  }[39m
[31m}[39m
2021-07-03T21:13:56.087Z [31merror[39m: [31mValidationError: body.email is a required field[39m
[31m    at createError (/Users/sayertindall/Documents/resource/guardian/node_modules/yup/lib/util/createValidation.js:54:21)[39m
[31m    at /Users/sayertindall/Documents/resource/guardian/node_modules/yup/lib/util/createValidation.js:72:107[39m
[31m    at processTicksAndRejections (internal/process/task_queues.js:93:5) {[39m
[31m  value: {[39m
[31m    body: { email: undefined, validateEmailToken: undefined },[39m
[31m    validateEmailToken: '270879',[39m
[31m    email: 'sayer.tindall@gmail.'[39m
[31m  },[39m
[31m  path: 'body.email',[39m
[31m  type: 'required',[39m
[31m  errors: [ 'body.email is a required field' ],[39m
[31m  inner: [],[39m
[31m  params: {[39m
[31m    value: undefined,[39m
[31m    originalValue: undefined,[39m
[31m    label: undefined,[39m
[31m    path: 'body.email'[39m
[31m  }[39m
[31m}[39m
2021-07-03T21:14:01.136Z [31merror[39m: [31mValidationError: body.email is a required field[39m
[31m    at createError (/Users/sayertindall/Documents/resource/guardian/node_modules/yup/lib/util/createValidation.js:54:21)[39m
[31m    at /Users/sayertindall/Documents/resource/guardian/node_modules/yup/lib/util/createValidation.js:72:107[39m
[31m    at processTicksAndRejections (internal/process/task_queues.js:93:5) {[39m
[31m  value: {[39m
[31m    body: { email: undefined, validateEmailToken: undefined },[39m
[31m    validateEmailToken: '270879',[39m
[31m    email: 'sayer.tindall@gmail.co'[39m
[31m  },[39m
[31m  path: 'body.email',[39m
[31m  type: 'required',[39m
[31m  errors: [ 'body.email is a required field' ],[39m
[31m  inner: [],[39m
[31m  params: {[39m
[31m    value: undefined,[39m
[31m    originalValue: undefined,[39m
[31m    label: undefined,[39m
[31m    path: 'body.email'[39m
[31m  }[39m
[31m}[39m
2021-07-03T21:14:04.810Z [31merror[39m: [31mValidationError: body.email is a required field[39m
[31m    at createError (/Users/sayertindall/Documents/resource/guardian/node_modules/yup/lib/util/createValidation.js:54:21)[39m
[31m    at /Users/sayertindall/Documents/resource/guardian/node_modules/yup/lib/util/createValidation.js:72:107[39m
[31m    at processTicksAndRejections (internal/process/task_queues.js:93:5) {[39m
[31m  value: {[39m
[31m    body: { email: undefined, validateEmailToken: undefined },[39m
[31m    validateEmailToken: '270879',[39m
[31m    email: 'sayer.tindall@gmail.co'[39m
[31m  },[39m
[31m  path: 'body.email',[39m
[31m  type: 'required',[39m
[31m  errors: [ 'body.email is a required field' ],[39m
[31m  inner: [],[39m
[31m  params: {[39m
[31m    value: undefined,[39m
[31m    originalValue: undefined,[39m
[31m    label: undefined,[39m
[31m    path: 'body.email'[39m
[31m  }[39m
[31m}[39m
2021-07-03T21:14:09.050Z [31merror[39m: [31mValidationError: body.email is a required field[39m
[31m    at createError (/Users/sayertindall/Documents/resource/guardian/node_modules/yup/lib/util/createValidation.js:54:21)[39m
[31m    at /Users/sayertindall/Documents/resource/guardian/node_modules/yup/lib/util/createValidation.js:72:107[39m
[31m    at processTicksAndRejections (internal/process/task_queues.js:93:5) {[39m
[31m  value: {[39m
[31m    body: { email: undefined, validateEmailToken: undefined },[39m
[31m    validateEmailToken: '270879',[39m
[31m    email: 'sayer.tindall@gmail.com'[39m
[31m  },[39m
[31m  path: 'body.email',[39m
[31m  type: 'required',[39m
[31m  errors: [ 'body.email is a required field' ],[39m
[31m  inner: [],[39m
[31m  params: {[39m
[31m    value: undefined,[39m
[31m    originalValue: undefined,[39m
[31m    label: undefined,[39m
[31m    path: 'body.email'[39m
[31m  }[39m
[31m}[39m
2021-07-03T21:14:11.444Z [31merror[39m: [31mValidationError: body.email is a required field[39m
[31m    at createError (/Users/sayertindall/Documents/resource/guardian/node_modules/yup/lib/util/createValidation.js:54:21)[39m
[31m    at /Users/sayertindall/Documents/resource/guardian/node_modules/yup/lib/util/createValidation.js:72:107[39m
[31m    at processTicksAndRejections (internal/process/task_queues.js:93:5) {[39m
[31m  value: {[39m
[31m    body: { email: undefined, validateEmailToken: undefined },[39m
[31m    validateEmailToken: '270879',[39m
[31m    email: 'sayer.tindall@gmail.com'[39m
[31m  },[39m
[31m  path: 'body.email',[39m
[31m  type: 'required',[39m
[31m  errors: [ 'body.email is a required field' ],[39m
[31m  inner: [],[39m
[31m  params: {[39m
[31m    value: undefined,[39m
[31m    originalValue: undefined,[39m
[31m    label: undefined,[39m
[31m    path: 'body.email'[39m
[31m  }[39m
[31m}[39m
2021-07-03T21:14:12.472Z [31merror[39m: [31mValidationError: body.email is a required field[39m
[31m    at createError (/Users/sayertindall/Documents/resource/guardian/node_modules/yup/lib/util/createValidation.js:54:21)[39m
[31m    at /Users/sayertindall/Documents/resource/guardian/node_modules/yup/lib/util/createValidation.js:72:107[39m
[31m    at processTicksAndRejections (internal/process/task_queues.js:93:5) {[39m
[31m  value: {[39m
[31m    body: { email: undefined, validateEmailToken: undefined },[39m
[31m    validateEmailToken: '270879',[39m
[31m    email: 'sayer.tindall@gmail.com'[39m
[31m  },[39m
[31m  path: 'body.email',[39m
[31m  type: 'required',[39m
[31m  errors: [ 'body.email is a required field' ],[39m
[31m  inner: [],[39m
[31m  params: {[39m
[31m    value: undefined,[39m
[31m    originalValue: undefined,[39m
[31m    label: undefined,[39m
[31m    path: 'body.email'[39m
[31m  }[39m
[31m}[39m
2021-07-03T21:14:12.958Z [31merror[39m: [31mValidationError: body.email is a required field[39m
[31m    at createError (/Users/sayertindall/Documents/resource/guardian/node_modules/yup/lib/util/createValidation.js:54:21)[39m
[31m    at /Users/sayertindall/Documents/resource/guardian/node_modules/yup/lib/util/createValidation.js:72:107[39m
[31m    at processTicksAndRejections (internal/process/task_queues.js:93:5) {[39m
[31m  value: {[39m
[31m    body: { email: undefined, validateEmailToken: undefined },[39m
[31m    validateEmailToken: '270879',[39m
[31m    email: 'sayer.tindall@gmail.com'[39m
[31m  },[39m
[31m  path: 'body.email',[39m
[31m  type: 'required',[39m
[31m  errors: [ 'body.email is a required field' ],[39m
[31m  inner: [],[39m
[31m  params: {[39m
[31m    value: undefined,[39m
[31m    originalValue: undefined,[39m
[31m    label: undefined,[39m
[31m    path: 'body.email'[39m
[31m  }[39m
[31m}[39m
2021-07-03T21:14:15.429Z [31merror[39m: [31mValidationError: body.email is a required field[39m
[31m    at createError (/Users/sayertindall/Documents/resource/guardian/node_modules/yup/lib/util/createValidation.js:54:21)[39m
[31m    at /Users/sayertindall/Documents/resource/guardian/node_modules/yup/lib/util/createValidation.js:72:107[39m
[31m    at processTicksAndRejections (internal/process/task_queues.js:93:5) {[39m
[31m  value: {[39m
[31m    body: { email: undefined, validateEmailToken: undefined },[39m
[31m    validateEmailToken: '270879',[39m
[31m    email: 'sayer.tindall@gmail.com'[39m
[31m  },[39m
[31m  path: 'body.email',[39m
[31m  type: 'required',[39m
[31m  errors: [ 'body.email is a required field' ],[39m
[31m  inner: [],[39m
[31m  params: {[39m
[31m    value: undefined,[39m
[31m    originalValue: undefined,[39m
[31m    label: undefined,[39m
[31m    path: 'body.email'[39m
[31m  }[39m
[31m}[39m
2021-07-03T21:14:43.453Z [31merror[39m: [31mValidationError: body.email is a required field[39m
[31m    at createError (/Users/sayertindall/Documents/resource/guardian/node_modules/yup/lib/util/createValidation.js:54:21)[39m
[31m    at /Users/sayertindall/Documents/resource/guardian/node_modules/yup/lib/util/createValidation.js:72:107[39m
[31m    at processTicksAndRejections (internal/process/task_queues.js:93:5) {[39m
[31m  value: {[39m
[31m    body: { email: undefined, validateEmailToken: undefined },[39m
[31m    validateEmailToken: '270879',[39m
[31m    email: 'sayer.tindall@gmail.com'[39m
[31m  },[39m
[31m  path: 'body.email',[39m
[31m  type: 'required',[39m
[31m  errors: [ 'body.email is a required field' ],[39m
[31m  inner: [],[39m
[31m  params: {[39m
[31m    value: undefined,[39m
[31m    originalValue: undefined,[39m
[31m    label: undefined,[39m
[31m    path: 'body.email'[39m
[31m  }[39m
[31m}[39m
2021-07-03T21:16:20.699Z [31merror[39m: [31mValidationError: email must be a valid email[39m
[31m    at createError (/Users/sayertindall/Documents/resource/guardian/node_modules/yup/lib/util/createValidation.js:54:21)[39m
[31m    at /Users/sayertindall/Documents/resource/guardian/node_modules/yup/lib/util/createValidation.js:72:107[39m
[31m    at processTicksAndRejections (internal/process/task_queues.js:93:5) {[39m
[31m  value: { validateEmailToken: '270879', email: 'sayer.tindall@gmail.' },[39m
[31m  path: 'email',[39m
[31m  type: 'email',[39m
[31m  errors: [ 'email must be a valid email' ],[39m
[31m  inner: [],[39m
[31m  params: {[39m
[31m    value: 'sayer.tindall@gmail.',[39m
[31m    originalValue: 'sayer.tindall@gmail.',[39m
[31m    label: undefined,[39m
[31m    path: 'email',[39m
[31m    regex: /^((([a-z]|\d|[!#\$%&'\*\+\-\/=\?\^_`{\|}~]|[\u00A0-\uD7FF\uF900-\uFDCF\uFDF0-\uFFEF])+(\.([a-z]|\d|[!#\$%&'\*\+\-\/=\?\^_`{\|}~]|[\u00A0-\uD7FF\uF900-\uFDCF\uFDF0-\uFFEF])+)*)|((\x22)((((\x20|\x09)*(\x0d\x0a))?(\x20|\x09)+)?(([\x01-\x08\x0b\x0c\x0e-\x1f\x7f]|\x21|[\x23-\x5b]|[\x5d-\x7e]|[\u00A0-\uD7FF\uF900-\uFDCF\uFDF0-\uFFEF])|(\\([\x01-\x09\x0b\x0c\x0d-\x7f]|[\u00A0-\uD7FF\uF900-\uFDCF\uFDF0-\uFFEF]))))*(((\x20|\x09)*(\x0d\x0a))?(\x20|\x09)+)?(\x22)))@((([a-z]|\d|[\u00A0-\uD7FF\uF900-\uFDCF\uFDF0-\uFFEF])|(([a-z]|\d|[\u00A0-\uD7FF\uF900-\uFDCF\uFDF0-\uFFEF])([a-z]|\d|-|\.|_|~|[\u00A0-\uD7FF\uF900-\uFDCF\uFDF0-\uFFEF])*([a-z]|\d|[\u00A0-\uD7FF\uF900-\uFDCF\uFDF0-\uFFEF])))\.)+(([a-z]|[\u00A0-\uD7FF\uF900-\uFDCF\uFDF0-\uFFEF])|(([a-z]|[\u00A0-\uD7FF\uF900-\uFDCF\uFDF0-\uFFEF])([a-z]|\d|-|\.|_|~|[\u00A0-\uD7FF\uF900-\uFDCF\uFDF0-\uFFEF])*([a-z]|[\u00A0-\uD7FF\uF900-\uFDCF\uFDF0-\uFFEF])))$/i[39m
[31m  }[39m
[31m}[39m
2021-07-03T21:16:26.724Z [34minfo[39m: [34mError creating user with email: sayer.tindall@gmail.co[39m
2021-07-06T01:32:25.347Z [31merror[39m: [31mclientAdress is a required field[39m
2021-07-06T01:32:45.289Z [31merror[39m: [31mPrismaClientValidationError: [39m
[31mInvalid `prisma.user.create()` invocation:[39m

[31m{[39m
[31m  data: {[39m
[31m    userId: '91763525839474937108379',[39m
[31m    email: 'sayer@resourcenetwork.co',[39m
[31m    multiSigAddress: '0xF9fB5261AaE582c99481F578B96D5009e8d7F0CD',[39m
[31m    validateEmailToken: '538389',[39m
[31m+   clientAdress: String,[39m
[31m?   id?: String,[39m
[31m?   createdAt?: DateTime,[39m
[31m?   updatedAt?: DateTime[39m
[31m  }[39m
[31m}[39m

[31mArgument clientAdress for data.clientAdress is missing.[39m

[31mNote: Lines with + are required, lines with ? are optional.[39m

[31m    at Document.validate (/Users/sayertindall/Documents/resource/guardian/node_modules/@prisma/client/runtime/index.js:32626:19)[39m
[31m    at NewPrismaClient._executeRequest (/Users/sayertindall/Documents/resource/guardian/node_modules/@prisma/client/runtime/index.js:34733:17)[39m
[31m    at consumer (/Users/sayertindall/Documents/resource/guardian/node_modules/@prisma/client/runtime/index.js:34678:23)[39m
[31m    at /Users/sayertindall/Documents/resource/guardian/node_modules/@prisma/client/runtime/index.js:34680:47[39m
[31m    at AsyncResource.runInAsyncScope (async_hooks.js:197:9)[39m
[31m    at NewPrismaClient._request (/Users/sayertindall/Documents/resource/guardian/node_modules/@prisma/client/runtime/index.js:34680:25)[39m
[31m    at Object.then (/Users/sayertindall/Documents/resource/guardian/node_modules/@prisma/client/runtime/index.js:34788:39)[39m
[31m    at processTicksAndRejections (internal/process/task_queues.js:93:5) {[39m
[31m  clientVersion: '2.26.0'[39m
[31m}[39m
2021-07-06T01:55:58.351Z [31merror[39m: [31mError replacing owner: [39m
2021-07-06T01:56:30.880Z [31merror[39m: [31mError replacing owner: Error: call revert exception (method="nonces(address)", errorArgs=null, errorName=null, errorSignature=null, reason=null, code=CALL_EXCEPTION, version=abi/5.4.0)[39m
2021-07-06T02:01:20.307Z [31merror[39m: [31mError replacing owner: Error: call revert exception (method="nonces(address)", errorArgs=null, errorName=null, errorSignature=null, reason=null, code=CALL_EXCEPTION, version=abi/5.4.0)[39m
2021-07-06T02:13:20.566Z [31merror[39m: [31mError replacing owner: Error: call revert exception (method="nonces(address)", errorArgs=null, errorName=null, errorSignature=null, reason=null, code=CALL_EXCEPTION, version=abi/5.4.0)[39m
2021-07-06T02:15:15.239Z [31merror[39m: [31mError replacing owner: Error: call revert exception (method="nonces(address)", errorArgs=null, errorName=null, errorSignature=null, reason=null, code=CALL_EXCEPTION, version=abi/5.4.0)[39m
2021-07-06T02:32:01.069Z [31merror[39m: [31mError replacing owner: Error: call revert exception (method="nonces(address)", errorArgs=null, errorName=null, errorSignature=null, reason=null, code=CALL_EXCEPTION, version=abi/5.4.0)[39m
2021-07-06T02:37:23.782Z [31merror[39m: [31mError replacing owner: Error: call revert exception (method="nonces(address)", errorArgs=null, errorName=null, errorSignature=null, reason=null, code=CALL_EXCEPTION, version=abi/5.4.0)[39m
2021-07-06T02:45:56.462Z [31merror[39m: [31mError replacing owner: Error: call revert exception (method="nonces(address)", errorArgs=null, errorName=null, errorSignature=null, reason=null, code=CALL_EXCEPTION, version=abi/5.4.0)[39m
2021-07-06T02:46:38.206Z [31merror[39m: [31mError replacing owner: Error: call revert exception (method="getOwners()", errorArgs=null, errorName=null, errorSignature=null, reason=null, code=CALL_EXCEPTION, version=abi/5.4.0)[39m
2021-07-06T02:47:35.335Z [31merror[39m: [31mError replacing owner: Error: call revert exception (method="getOwners()", errorArgs=null, errorName=null, errorSignature=null, reason=null, code=CALL_EXCEPTION, version=abi/5.4.0)[39m
2021-07-06T02:50:46.359Z [31merror[39m: [31mError replacing owner: Error: call revert exception (method="nonces(address)", errorArgs=null, errorName=null, errorSignature=null, reason=null, code=CALL_EXCEPTION, version=abi/5.4.0)[39m
2021-07-06T17:55:11.991Z [34minfo[39m: [34mError creating user with email: sayer@resourcenetwork.co[39m
2021-07-06T18:38:59.266Z [34minfo[39m: [34mError creating user with email: sayer@resourcenetwork.co[39m
2021-07-06T21:39:33.703Z [31merror[39m: [31mclientAddress is a required field[39m
2021-07-06T22:58:07.585Z [31merror[39m: [31muserId must be a `string` type, but the final value was: `{}`.[39m
2021-07-07T00:14:12.136Z [31merror[39m: [31mError replacing owner: Error: cannot estimate gas; transaction may fail or may require manual gas limit (error={"reason":"cannot estimate gas; transaction may fail or may require manual gas limit","code":"UNPREDICTABLE_GAS_LIMIT","error":{"reason":"processing response error","code":"SERVER_ERROR","body":"{\"jsonrpc\":\"2.0\",\"id\":51,\"error\":{\"code\":3,\"message\":\"execution reverted: ECDSA: invalid signature\",\"data\":\"0x08c379a00000000000000000000000000000000000000000000000000000000000000020000000000000000000000000000000000000000000000000000000000000001845434453413a20696e76616c6964207369676e61747572650000000000000000\"}}\n","error":{"code":3,"data":"0x08c379a00000000000000000000000000000000000000000000000000000000000000020000000000000000000000000000000000000000000000000000000000000001845434453413a20696e76616c6964207369676e61747572650000000000000000"},"requestBody":"{\"method\":\"eth_estimateGas\",\"params\":[{\"gasPrice\":\"0x1dcd6500\",\"from\":\"0x2aee4fb6fd7dc927c3a66f658f3a055e31bb6a58\",\"to\":\"0xeae23f7ed8ba485bbc545b75602064b77047ef81\",\"data\":\"0xf9d9fda2000000000000000000000000eae23f7ed8ba485bbc545b75602064b77047ef81000000000000000000000000000000000000000000000000000000000000000000000000000000000000000000000000000000000000000000000000000000a000000000000000000000000000000000000000000000000000000000000001200000000000000000000000002aee4fb6fd7dc927c3a66f658f3a055e31bb6a580000000000000000000000000000000000000000000000000000000000000044e20056e6000000000000000000000000abeb77559a15f520a9e79982acd6cf8951b949490000000000000000000000007a7ce72c9c0410113e7c2608c584ea05e683f4f5000000000000000000000000000000000000000000000000000000000000000000000000000000000000000000000000000000000000000000000041b3f4a1b445377001762da20bf3df1dc509bf76e866411d128f566d361bbffbf3596d35205b7771c77e9cde6abf04134097047c00feac2cf610bc5ad82d370cd11b00000000000000000000000000000000000000000000000000000000000000\"}],\"id\":51,\"jsonrpc\":\"2.0\"}","requestMethod":"POST","url":"https://alfajores-forno.celo-testnet.org"},"method":"estimateGas","transaction":{"from":"0x2Aee4FB6fd7Dc927c3a66F658F3A055E31bB6A58","gasPrice":{"type":"BigNumber","hex":"0x1dcd6500"},"to":"0xEae23F7Ed8bA485Bbc545B75602064b77047EF81","data":"0xf9d9fda2000000000000000000000000eae23f7ed8ba485bbc545b75602064b77047ef81000000000000000000000000000000000000000000000000000000000000000000000000000000000000000000000000000000000000000000000000000000a000000000000000000000000000000000000000000000000000000000000001200000000000000000000000002aee4fb6fd7dc927c3a66f658f3a055e31bb6a580000000000000000000000000000000000000000000000000000000000000044e20056e6000000000000000000000000abeb77559a15f520a9e79982acd6cf8951b949490000000000000000000000007a7ce72c9c0410113e7c2608c584ea05e683f4f5000000000000000000000000000000000000000000000000000000000000000000000000000000000000000000000000000000000000000000000041b3f4a1b445377001762da20bf3df1dc509bf76e866411d128f566d361bbffbf3596d35205b7771c77e9cde6abf04134097047c00feac2cf610bc5ad82d370cd11b00000000000000000000000000000000000000000000000000000000000000","accessList":null}}, tx={"data":"0xf9d9fda2000000000000000000000000eae23f7ed8ba485bbc545b75602064b77047ef81000000000000000000000000000000000000000000000000000000000000000000000000000000000000000000000000000000000000000000000000000000a000000000000000000000000000000000000000000000000000000000000001200000000000000000000000002aee4fb6fd7dc927c3a66f658f3a055e31bb6a580000000000000000000000000000000000000000000000000000000000000044e20056e6000000000000000000000000abeb77559a15f520a9e79982acd6cf8951b949490000000000000000000000007a7ce72c9c0410113e7c2608c584ea05e683f4f5000000000000000000000000000000000000000000000000000000000000000000000000000000000000000000000000000000000000000000000041b3f4a1b445377001762da20bf3df1dc509bf76e866411d128f566d361bbffbf3596d35205b7771c77e9cde6abf04134097047c00feac2cf610bc5ad82d370cd11b00000000000000000000000000000000000000000000000000000000000000","to":{},"from":"0x2Aee4FB6fd7Dc927c3a66F658F3A055E31bB6A58","gasPrice":{},"nonce":{},"gasLimit":{},"chainId":{}}, code=UNPREDICTABLE_GAS_LIMIT, version=CeloWallet)[39m
2021-07-07T00:45:05.236Z [31merror[39m: [31mError replacing owner: Error: cannot estimate gas; transaction may fail or may require manual gas limit (error={"reason":"cannot estimate gas; transaction may fail or may require manual gas limit","code":"UNPREDICTABLE_GAS_LIMIT","error":{"reason":"processing response error","code":"SERVER_ERROR","body":"{\"jsonrpc\":\"2.0\",\"id\":51,\"error\":{\"code\":3,\"message\":\"execution reverted: ECDSA: invalid signature\",\"data\":\"0x08c379a00000000000000000000000000000000000000000000000000000000000000020000000000000000000000000000000000000000000000000000000000000001845434453413a20696e76616c6964207369676e61747572650000000000000000\"}}\n","error":{"code":3,"data":"0x08c379a00000000000000000000000000000000000000000000000000000000000000020000000000000000000000000000000000000000000000000000000000000001845434453413a20696e76616c6964207369676e61747572650000000000000000"},"requestBody":"{\"method\":\"eth_estimateGas\",\"params\":[{\"gasPrice\":\"0x1dcd6500\",\"from\":\"0x2aee4fb6fd7dc927c3a66f658f3a055e31bb6a58\",\"to\":\"0xa4e0dc369393338790ff7405bbb97e112e489141\",\"data\":\"0xf9d9fda2000000000000000000000000a4e0dc369393338790ff7405bbb97e112e489141000000000000000000000000000000000000000000000000000000000000000000000000000000000000000000000000000000000000000000000000000000a000000000000000000000000000000000000000000000000000000000000001200000000000000000000000002aee4fb6fd7dc927c3a66f658f3a055e31bb6a580000000000000000000000000000000000000000000000000000000000000044e20056e6000000000000000000000000abeb77559a15f520a9e79982acd6cf8951b949490000000000000000000000007a7ce72c9c0410113e7c2608c584ea05e683f4f50000000000000000000000000000000000000000000000000000000000000000000000000000000000000000000000000000000000000000000000411209c9eb415665dff3b520b9042bd388d095849f48a2ad75264085d4cbcbbc5a23642c35d7af833b2dc7f9daba29eb6d7f7f4b949ca948be7f363f85341566c71c00000000000000000000000000000000000000000000000000000000000000\"}],\"id\":51,\"jsonrpc\":\"2.0\"}","requestMethod":"POST","url":"https://alfajores-forno.celo-testnet.org"},"method":"estimateGas","transaction":{"from":"0x2Aee4FB6fd7Dc927c3a66F658F3A055E31bB6A58","gasPrice":{"type":"BigNumber","hex":"0x1dcd6500"},"to":"0xA4e0dc369393338790FF7405bbB97E112e489141","data":"0xf9d9fda2000000000000000000000000a4e0dc369393338790ff7405bbb97e112e489141000000000000000000000000000000000000000000000000000000000000000000000000000000000000000000000000000000000000000000000000000000a000000000000000000000000000000000000000000000000000000000000001200000000000000000000000002aee4fb6fd7dc927c3a66f658f3a055e31bb6a580000000000000000000000000000000000000000000000000000000000000044e20056e6000000000000000000000000abeb77559a15f520a9e79982acd6cf8951b949490000000000000000000000007a7ce72c9c0410113e7c2608c584ea05e683f4f50000000000000000000000000000000000000000000000000000000000000000000000000000000000000000000000000000000000000000000000411209c9eb415665dff3b520b9042bd388d095849f48a2ad75264085d4cbcbbc5a23642c35d7af833b2dc7f9daba29eb6d7f7f4b949ca948be7f363f85341566c71c00000000000000000000000000000000000000000000000000000000000000","accessList":null}}, tx={"data":"0xf9d9fda2000000000000000000000000a4e0dc369393338790ff7405bbb97e112e489141000000000000000000000000000000000000000000000000000000000000000000000000000000000000000000000000000000000000000000000000000000a000000000000000000000000000000000000000000000000000000000000001200000000000000000000000002aee4fb6fd7dc927c3a66f658f3a055e31bb6a580000000000000000000000000000000000000000000000000000000000000044e20056e6000000000000000000000000abeb77559a15f520a9e79982acd6cf8951b949490000000000000000000000007a7ce72c9c0410113e7c2608c584ea05e683f4f50000000000000000000000000000000000000000000000000000000000000000000000000000000000000000000000000000000000000000000000411209c9eb415665dff3b520b9042bd388d095849f48a2ad75264085d4cbcbbc5a23642c35d7af833b2dc7f9daba29eb6d7f7f4b949ca948be7f363f85341566c71c00000000000000000000000000000000000000000000000000000000000000","to":{},"from":"0x2Aee4FB6fd7Dc927c3a66F658F3A055E31bB6A58","gasPrice":{},"nonce":{},"gasLimit":{},"chainId":{}}, code=UNPREDICTABLE_GAS_LIMIT, version=CeloWallet)[39m
2021-07-07T01:02:24.601Z [31merror[39m: [31mError replacing owner: Error: cannot estimate gas; transaction may fail or may require manual gas limit (error={"reason":"processing response error","code":"SERVER_ERROR","body":"{\"jsonrpc\":\"2.0\",\"id\":48,\"error\":{\"code\":3,\"message\":\"execution reverted: ECDSA: invalid signature\",\"data\":\"0x08c379a00000000000000000000000000000000000000000000000000000000000000020000000000000000000000000000000000000000000000000000000000000001845434453413a20696e76616c6964207369676e61747572650000000000000000\"}}\n","error":{"code":3,"data":"0x08c379a00000000000000000000000000000000000000000000000000000000000000020000000000000000000000000000000000000000000000000000000000000001845434453413a20696e76616c6964207369676e61747572650000000000000000"},"requestBody":"{\"method\":\"eth_estimateGas\",\"params\":[{\"from\":\"0x2aee4fb6fd7dc927c3a66f658f3a055e31bb6a58\",\"to\":\"0xfc4bd5b3501ff2356569e4f8d7529005c75c4a8b\",\"data\":\"0xf9d9fda2000000000000000000000000fc4bd5b3501ff2356569e4f8d7529005c75c4a8b000000000000000000000000000000000000000000000000000000000000000000000000000000000000000000000000000000000000000000000000000000a000000000000000000000000000000000000000000000000000000000000001200000000000000000000000002aee4fb6fd7dc927c3a66f658f3a055e31bb6a580000000000000000000000000000000000000000000000000000000000000044e20056e6000000000000000000000000abeb77559a15f520a9e79982acd6cf8951b949490000000000000000000000007a7ce72c9c0410113e7c2608c584ea05e683f4f50000000000000000000000000000000000000000000000000000000000000000000000000000000000000000000000000000000000000000000000413d3c3027060f4eb7dac33abc5496b8759bc3179c742ff146403a5aba774f7e5f04168c63b335b2560b2ee496d5301b23c057421a4613364ec2e324416c359f281c00000000000000000000000000000000000000000000000000000000000000\"}],\"id\":48,\"jsonrpc\":\"2.0\"}","requestMethod":"POST","url":"https://alfajores-forno.celo-testnet.org"}, method="estimateGas", transaction={"from":"0x2Aee4FB6fd7Dc927c3a66F658F3A055E31bB6A58","to":"0xFC4bd5B3501FF2356569e4F8D7529005c75C4A8b","data":"0xf9d9fda2000000000000000000000000fc4bd5b3501ff2356569e4f8d7529005c75c4a8b000000000000000000000000000000000000000000000000000000000000000000000000000000000000000000000000000000000000000000000000000000a000000000000000000000000000000000000000000000000000000000000001200000000000000000000000002aee4fb6fd7dc927c3a66f658f3a055e31bb6a580000000000000000000000000000000000000000000000000000000000000044e20056e6000000000000000000000000abeb77559a15f520a9e79982acd6cf8951b949490000000000000000000000007a7ce72c9c0410113e7c2608c584ea05e683f4f50000000000000000000000000000000000000000000000000000000000000000000000000000000000000000000000000000000000000000000000413d3c3027060f4eb7dac33abc5496b8759bc3179c742ff146403a5aba774f7e5f04168c63b335b2560b2ee496d5301b23c057421a4613364ec2e324416c359f281c00000000000000000000000000000000000000000000000000000000000000","accessList":null}, code=UNPREDICTABLE_GAS_LIMIT, version=providers/5.4.1)[39m
2021-07-07T02:37:37.485Z [31merror[39m: [31mError replacing owner: Error: cannot estimate gas; transaction may fail or may require manual gas limit (error={"reason":"processing response error","code":"SERVER_ERROR","body":"{\"jsonrpc\":\"2.0\",\"id\":48,\"error\":{\"code\":3,\"message\":\"execution reverted: ECDSA: invalid signature\",\"data\":\"0x08c379a00000000000000000000000000000000000000000000000000000000000000020000000000000000000000000000000000000000000000000000000000000001845434453413a20696e76616c6964207369676e61747572650000000000000000\"}}\n","error":{"code":3,"data":"0x08c379a00000000000000000000000000000000000000000000000000000000000000020000000000000000000000000000000000000000000000000000000000000001845434453413a20696e76616c6964207369676e61747572650000000000000000"},"requestBody":"{\"method\":\"eth_estimateGas\",\"params\":[{\"from\":\"0x2aee4fb6fd7dc927c3a66f658f3a055e31bb6a58\",\"to\":\"0xaba19d6f96b615d8fd1d770721ad7db095c20ea5\",\"data\":\"0xf9d9fda2000000000000000000000000aba19d6f96b615d8fd1d770721ad7db095c20ea5000000000000000000000000000000000000000000000000000000000000000000000000000000000000000000000000000000000000000000000000000000a000000000000000000000000000000000000000000000000000000000000001200000000000000000000000002aee4fb6fd7dc927c3a66f658f3a055e31bb6a580000000000000000000000000000000000000000000000000000000000000044e20056e6000000000000000000000000abeb77559a15f520a9e79982acd6cf8951b949490000000000000000000000007a7ce72c9c0410113e7c2608c584ea05e683f4f5000000000000000000000000000000000000000000000000000000000000000000000000000000000000000000000000000000000000000000000041e5ed557120b911dc60429e0671ec61edaf41b58c01910a938457edda30decda449e21c3c925d84a40f03c39491ac76cce7bbfd585c72fd6fb221103f894d8ccd1b00000000000000000000000000000000000000000000000000000000000000\"}],\"id\":48,\"jsonrpc\":\"2.0\"}","requestMethod":"POST","url":"https://alfajores-forno.celo-testnet.org"}, method="estimateGas", transaction={"from":"0x2Aee4FB6fd7Dc927c3a66F658F3A055E31bB6A58","to":"0xaba19d6f96b615D8fD1d770721ad7db095c20Ea5","data":"0xf9d9fda2000000000000000000000000aba19d6f96b615d8fd1d770721ad7db095c20ea5000000000000000000000000000000000000000000000000000000000000000000000000000000000000000000000000000000000000000000000000000000a000000000000000000000000000000000000000000000000000000000000001200000000000000000000000002aee4fb6fd7dc927c3a66f658f3a055e31bb6a580000000000000000000000000000000000000000000000000000000000000044e20056e6000000000000000000000000abeb77559a15f520a9e79982acd6cf8951b949490000000000000000000000007a7ce72c9c0410113e7c2608c584ea05e683f4f5000000000000000000000000000000000000000000000000000000000000000000000000000000000000000000000000000000000000000000000041e5ed557120b911dc60429e0671ec61edaf41b58c01910a938457edda30decda449e21c3c925d84a40f03c39491ac76cce7bbfd585c72fd6fb221103f894d8ccd1b00000000000000000000000000000000000000000000000000000000000000","accessList":null}, code=UNPREDICTABLE_GAS_LIMIT, version=providers/5.4.1)[39m
2021-07-07T02:39:10.021Z [31merror[39m: [31mError replacing owner: Error: cannot estimate gas; transaction may fail or may require manual gas limit (error={"reason":"processing response error","code":"SERVER_ERROR","body":"{\"jsonrpc\":\"2.0\",\"id\":48,\"error\":{\"code\":3,\"message\":\"execution reverted: ECDSA: invalid signature\",\"data\":\"0x08c379a00000000000000000000000000000000000000000000000000000000000000020000000000000000000000000000000000000000000000000000000000000001845434453413a20696e76616c6964207369676e61747572650000000000000000\"}}\n","error":{"code":3,"data":"0x08c379a00000000000000000000000000000000000000000000000000000000000000020000000000000000000000000000000000000000000000000000000000000001845434453413a20696e76616c6964207369676e61747572650000000000000000"},"requestBody":"{\"method\":\"eth_estimateGas\",\"params\":[{\"from\":\"0x2aee4fb6fd7dc927c3a66f658f3a055e31bb6a58\",\"to\":\"0xa1422cc5b582d79cede01a7947df7e1e49524fdf\",\"data\":\"0xf9d9fda2000000000000000000000000a1422cc5b582d79cede01a7947df7e1e49524fdf000000000000000000000000000000000000000000000000000000000000000000000000000000000000000000000000000000000000000000000000000000a000000000000000000000000000000000000000000000000000000000000001200000000000000000000000002aee4fb6fd7dc927c3a66f658f3a055e31bb6a580000000000000000000000000000000000000000000000000000000000000044e20056e6000000000000000000000000abeb77559a15f520a9e79982acd6cf8951b949490000000000000000000000007a7ce72c9c0410113e7c2608c584ea05e683f4f50000000000000000000000000000000000000000000000000000000000000000000000000000000000000000000000000000000000000000000000417a335f0766d0efec214a0c41d449b3cb3797404e3a20c3e84d30736be7b39fd37371c29f39c7b161fdb19fa739f6a7d401a8d8ef4393d4a0053634ac5a7c2d2b1b00000000000000000000000000000000000000000000000000000000000000\"}],\"id\":48,\"jsonrpc\":\"2.0\"}","requestMethod":"POST","url":"https://alfajores-forno.celo-testnet.org"}, method="estimateGas", transaction={"from":"0x2Aee4FB6fd7Dc927c3a66F658F3A055E31bB6A58","to":"0xA1422Cc5b582d79cEde01a7947dF7E1E49524FDf","data":"0xf9d9fda2000000000000000000000000a1422cc5b582d79cede01a7947df7e1e49524fdf000000000000000000000000000000000000000000000000000000000000000000000000000000000000000000000000000000000000000000000000000000a000000000000000000000000000000000000000000000000000000000000001200000000000000000000000002aee4fb6fd7dc927c3a66f658f3a055e31bb6a580000000000000000000000000000000000000000000000000000000000000044e20056e6000000000000000000000000abeb77559a15f520a9e79982acd6cf8951b949490000000000000000000000007a7ce72c9c0410113e7c2608c584ea05e683f4f50000000000000000000000000000000000000000000000000000000000000000000000000000000000000000000000000000000000000000000000417a335f0766d0efec214a0c41d449b3cb3797404e3a20c3e84d30736be7b39fd37371c29f39c7b161fdb19fa739f6a7d401a8d8ef4393d4a0053634ac5a7c2d2b1b00000000000000000000000000000000000000000000000000000000000000","accessList":null}, code=UNPREDICTABLE_GAS_LIMIT, version=providers/5.4.1)[39m
